<?xml version="1.0" encoding="UTF-8"?>
<testsuite xmlns:xsi="http://www.w3.org/2001/XMLSchema-instance" xsi:noNamespaceSchemaLocation="https://maven.apache.org/surefire/maven-surefire-plugin/xsd/surefire-test-report.xsd" version="3.0.2" name="com.nagarro.gatway.ApiGatewayApplicationTests" time="15.133" tests="1" errors="0" skipped="0" failures="0">
  <properties>
[...]
</properties>
  <testcase name="contextLoads" classname="com.nagarro.gatway.ApiGatewayApplicationTests" time="1.831">
    <system-out><![CDATA[01:22:26.630 [main] INFO org.springframework.test.context.support.AnnotationConfigContextLoaderUtils -- Could not detect default configuration classes for test class [com.nagarro.gatway.ApiGatewayApplicationTests]: ApiGatewayApplicationTests does not declare any static, non-private, non-final, nested classes annotated with @Configuration.
01:22:26.861 [main] INFO org.springframework.boot.test.context.SpringBootTestContextBootstrapper -- Found @SpringBootConfiguration com.nagarro.gatway.ApiGatewayApplication for test class com.nagarro.gatway.ApiGatewayApplicationTests

  .   ____          _            __ _ _
 /\\ / ___'_ __ _ _(_)_ __  __ _ \ \ \ \
( ( )\___ | '_ | '_| | '_ \/ _` | \ \ \ \
 \\/  ___)| |_)| | | | | || (_| |  ) ) ) )
  '  |____| .__|_| |_|_| |_\__, | / / / /
 =========|_|==============|___/=/_/_/_/

 :: Spring Boot ::                (v3.4.2)

2025-02-17T01:22:29.535+05:30  INFO 17440 --- [api-gateway] [           main] c.c.c.ConfigServicePropertySourceLocator : Fetching config from server at : http://localhost:8888
2025-02-17T01:22:29.721+05:30  INFO 17440 --- [api-gateway] [           main] c.c.c.ConfigServicePropertySourceLocator : Exception on Url - http://localhost:8888:org.springframework.web.client.ResourceAccessException: I/O error on GET request for "http://localhost:8888/api-gateway/default": Connection refused: no further information. Will be trying the next url if available
2025-02-17T01:22:29.721+05:30  WARN 17440 --- [api-gateway] [           main] c.c.c.ConfigServicePropertySourceLocator : Could not locate PropertySource: I/O error on GET request for "http://localhost:8888/api-gateway/default": Connection refused: no further information
2025-02-17T01:22:29.745+05:30  INFO 17440 --- [api-gateway] [           main] c.n.gatway.ApiGatewayApplicationTests    : No active profile set, falling back to 1 default profile: "default"
2025-02-17T01:22:31.740+05:30  INFO 17440 --- [api-gateway] [           main] o.s.cloud.context.scope.GenericScope     : BeanFactory id=799d4faa-2cea-34d5-9a01-537dab3cc41a
2025-02-17T01:22:34.814+05:30  INFO 17440 --- [api-gateway] [           main] o.s.c.g.r.RouteDefinitionRouteLocator    : Loaded RoutePredicateFactory [After]
2025-02-17T01:22:34.814+05:30  INFO 17440 --- [api-gateway] [           main] o.s.c.g.r.RouteDefinitionRouteLocator    : Loaded RoutePredicateFactory [Before]
2025-02-17T01:22:34.814+05:30  INFO 17440 --- [api-gateway] [           main] o.s.c.g.r.RouteDefinitionRouteLocator    : Loaded RoutePredicateFactory [Between]
2025-02-17T01:22:34.814+05:30  INFO 17440 --- [api-gateway] [           main] o.s.c.g.r.RouteDefinitionRouteLocator    : Loaded RoutePredicateFactory [Cookie]
2025-02-17T01:22:34.814+05:30  INFO 17440 --- [api-gateway] [           main] o.s.c.g.r.RouteDefinitionRouteLocator    : Loaded RoutePredicateFactory [Header]
2025-02-17T01:22:34.814+05:30  INFO 17440 --- [api-gateway] [           main] o.s.c.g.r.RouteDefinitionRouteLocator    : Loaded RoutePredicateFactory [Host]
2025-02-17T01:22:34.814+05:30  INFO 17440 --- [api-gateway] [           main] o.s.c.g.r.RouteDefinitionRouteLocator    : Loaded RoutePredicateFactory [Method]
2025-02-17T01:22:34.814+05:30  INFO 17440 --- [api-gateway] [           main] o.s.c.g.r.RouteDefinitionRouteLocator    : Loaded RoutePredicateFactory [Path]
2025-02-17T01:22:34.814+05:30  INFO 17440 --- [api-gateway] [           main] o.s.c.g.r.RouteDefinitionRouteLocator    : Loaded RoutePredicateFactory [Query]
2025-02-17T01:22:34.814+05:30  INFO 17440 --- [api-gateway] [           main] o.s.c.g.r.RouteDefinitionRouteLocator    : Loaded RoutePredicateFactory [ReadBody]
2025-02-17T01:22:34.814+05:30  INFO 17440 --- [api-gateway] [           main] o.s.c.g.r.RouteDefinitionRouteLocator    : Loaded RoutePredicateFactory [RemoteAddr]
2025-02-17T01:22:34.814+05:30  INFO 17440 --- [api-gateway] [           main] o.s.c.g.r.RouteDefinitionRouteLocator    : Loaded RoutePredicateFactory [XForwardedRemoteAddr]
2025-02-17T01:22:34.814+05:30  INFO 17440 --- [api-gateway] [           main] o.s.c.g.r.RouteDefinitionRouteLocator    : Loaded RoutePredicateFactory [Weight]
2025-02-17T01:22:34.814+05:30  INFO 17440 --- [api-gateway] [           main] o.s.c.g.r.RouteDefinitionRouteLocator    : Loaded RoutePredicateFactory [CloudFoundryRouteService]
2025-02-17T01:22:36.870+05:30  INFO 17440 --- [api-gateway] [           main] o.s.b.a.e.web.EndpointLinksResolver      : Exposing 1 endpoint beneath base path '/actuator'
2025-02-17T01:22:38.112+05:30  INFO 17440 --- [api-gateway] [           main] DiscoveryClientOptionalArgsConfiguration : Eureka HTTP Client uses RestTemplate.
2025-02-17T01:22:38.314+05:30  WARN 17440 --- [api-gateway] [           main] iguration$LoadBalancerCaffeineWarnLogger : Spring Cloud LoadBalancer is currently working with the default cache. While this cache implementation is useful for development and tests, it's recommended to use Caffeine cache in production.You can switch to using Caffeine cache, by adding it and org.springframework.cache.caffeine.CaffeineCacheManager to the classpath.
2025-02-17T01:22:38.466+05:30  INFO 17440 --- [api-gateway] [           main] o.s.c.n.eureka.InstanceInfoFactory       : Setting initial instance status as: STARTING
2025-02-17T01:22:38.531+05:30  INFO 17440 --- [api-gateway] [           main] com.netflix.discovery.DiscoveryClient    : Initializing Eureka in region us-east-1
2025-02-17T01:22:38.556+05:30  INFO 17440 --- [api-gateway] [           main] c.n.d.s.r.aws.ConfigClusterResolver      : Resolving eureka endpoints via configuration
2025-02-17T01:22:38.578+05:30  INFO 17440 --- [api-gateway] [           main] com.netflix.discovery.DiscoveryClient    : Disable delta property : false
2025-02-17T01:22:38.578+05:30  INFO 17440 --- [api-gateway] [           main] com.netflix.discovery.DiscoveryClient    : Single vip registry refresh property : null
2025-02-17T01:22:38.578+05:30  INFO 17440 --- [api-gateway] [           main] com.netflix.discovery.DiscoveryClient    : Force full registry fetch : false
2025-02-17T01:22:38.578+05:30  INFO 17440 --- [api-gateway] [           main] com.netflix.discovery.DiscoveryClient    : Application is null : false
2025-02-17T01:22:38.578+05:30  INFO 17440 --- [api-gateway] [           main] com.netflix.discovery.DiscoveryClient    : Registered Applications size is zero : true
2025-02-17T01:22:38.578+05:30  INFO 17440 --- [api-gateway] [           main] com.netflix.discovery.DiscoveryClient    : Application version is -1: true
2025-02-17T01:22:38.578+05:30  INFO 17440 --- [api-gateway] [           main] com.netflix.discovery.DiscoveryClient    : Getting all instance registry info from the eureka server
2025-02-17T01:22:39.399+05:30  INFO 17440 --- [api-gateway] [           main] com.netflix.discovery.DiscoveryClient    : The response status is 200
2025-02-17T01:22:39.414+05:30  INFO 17440 --- [api-gateway] [           main] com.netflix.discovery.DiscoveryClient    : Starting heartbeat executor: renew interval is: 30
2025-02-17T01:22:39.414+05:30  INFO 17440 --- [api-gateway] [           main] c.n.discovery.InstanceInfoReplicator     : InstanceInfoReplicator onDemand update allowed rate per min is 4
2025-02-17T01:22:39.414+05:30  INFO 17440 --- [api-gateway] [           main] com.netflix.discovery.DiscoveryClient    : Discovery Client initialized at timestamp 1739735559414 with initial instances count: 5
2025-02-17T01:22:39.446+05:30  INFO 17440 --- [api-gateway] [           main] o.s.c.n.e.s.EurekaServiceRegistry        : Registering application API-GATEWAY with eureka with status UP
2025-02-17T01:22:39.446+05:30  INFO 17440 --- [api-gateway] [           main] com.netflix.discovery.DiscoveryClient    : Saw local status change event StatusChangeEvent [timestamp=1739735559446, current=UP, previous=STARTING]
2025-02-17T01:22:39.446+05:30  INFO 17440 --- [api-gateway] [foReplicator-%d] com.netflix.discovery.DiscoveryClient    : DiscoveryClient_API-GATEWAY/IN-179K1N3.Nagarro.local:api-gateway:8084: registering service...
2025-02-17T01:22:39.557+05:30  INFO 17440 --- [api-gateway] [foReplicator-%d] com.netflix.discovery.DiscoveryClient    : DiscoveryClient_API-GATEWAY/IN-179K1N3.Nagarro.local:api-gateway:8084 - registration status: 204
2025-02-17T01:22:39.619+05:30  INFO 17440 --- [api-gateway] [           main] c.n.gatway.ApiGatewayApplicationTests    : Started ApiGatewayApplicationTests in 12.038 seconds (process running for 15.671)
]]></system-out>
  </testcase>
</testsuite>